<?xml version="1.0" encoding="UTF-8"?>
<!-- Generated by org.testng.reporters.JUnitXMLReporter -->
<testsuite hostname="DS_PREMNATH_R" name="ChromeTest" tests="1" failures="0" timestamp="19 Apr 2016 10:30:04 GMT" time="0.22" errors="0">
  <testcase name="@BeforeTest launchapp" time="0.0" classname="framework.TestNGClass">
    <failure type="java.lang.IllegalArgumentException" message="Host name may not be blank">
      <![CDATA[java.lang.IllegalArgumentException: Host name may not be blank
	at org.apache.http.util.Args.notBlank(Args.java:68)
	at org.apache.http.HttpHost.<init>(HttpHost.java:81)
	at org.openqa.selenium.remote.internal.ApacheHttpClient.<init>(ApacheHttpClient.java:67)
	at org.openqa.selenium.remote.internal.ApacheHttpClient$Factory.createClient(ApacheHttpClient.java:246)
	at org.openqa.selenium.remote.HttpCommandExecutor.<init>(HttpCommandExecutor.java:80)
	at org.openqa.selenium.remote.HttpCommandExecutor.<init>(HttpCommandExecutor.java:63)
	at org.openqa.selenium.remote.HttpCommandExecutor.<init>(HttpCommandExecutor.java:58)
	at org.openqa.selenium.remote.RemoteWebDriver.<init>(RemoteWebDriver.java:155)
	at framework.TestNGClass.launchapp(TestNGClass.java:47)
	at java.util.concurrent.FutureTask.run(Unknown Source)
	at java.util.concurrent.ThreadPoolExecutor.runWorker(Unknown Source)
	at java.util.concurrent.ThreadPoolExecutor$Worker.run(Unknown Source)
	at java.lang.Thread.run(Unknown Source)
... Removed 14 stack frames]]>
    </failure>
  </testcase> <!-- @BeforeTest launchapp -->
  <testcase name="@AfterTest closeBrowser" time="0.0" classname="framework.TestNGClass">
    <skipped/>
  </testcase> <!-- @AfterTest closeBrowser -->
  <testcase name="calculatepercent" time="0.0" classname="framework.TestNGClass">
    <skipped/>
  </testcase> <!-- calculatepercent -->
</testsuite> <!-- ChromeTest -->
